# JRE version: 7.0_25-b30
# Java VM: OpenJDK 64-Bit Server VM (23.7-b01 mixed mode linux-amd64 compressed oops)
Heap
 PSYoungGen      total 67968K, used 28530K [0x00000000faab0000, 0x00000000ffda0000, 0x0000000100000000)
  eden space 50432K, 55% used [0x00000000faab0000,0x00000000fc6339f0,0x00000000fdbf0000)
  from space 17536K, 2% used [0x00000000fec80000,0x00000000fecd9080,0x00000000ffda0000)
  to   space 16960K, 0% used [0x00000000fdbf0000,0x00000000fdbf0000,0x00000000fec80000)
 ParOldGen       total 64640K, used 21669K [0x00000000f0000000, 0x00000000f3f20000, 0x00000000faab0000)
  object space 64640K, 33% used [0x00000000f0000000,0x00000000f15297b0,0x00000000f3f20000)
 PSPermGen       total 48192K, used 24438K [0x00000000e5a00000, 0x00000000e8910000, 0x00000000f0000000)
  object space 48192K, 50% used [0x00000000e5a00000,0x00000000e71ddb98,0x00000000e8910000)
GC Heap History (10 events):
Event: 127,554 GC heap before
{Heap before GC invocations=9 (full 1):
 PSYoungGen      total 44736K, used 44676K [0x00000000faab0000, 0x00000000ffe70000, 0x0000000100000000)
  eden space 44288K, 100% used [0x00000000faab0000,0x00000000fd5f0000,0x00000000fd5f0000)
  from space 448K, 86% used [0x00000000fd5f0000,0x00000000fd651080,0x00000000fd660000)
  to   space 20736K, 0% used [0x00000000fea30000,0x00000000fea30000,0x00000000ffe70000)
 ParOldGen       total 64640K, used 21669K [0x00000000f0000000, 0x00000000f3f20000, 0x00000000faab0000)
  object space 64640K, 33% used [0x00000000f0000000,0x00000000f15297b0,0x00000000f3f20000)
 PSPermGen       total 48192K, used 24348K [0x00000000e5a00000, 0x00000000e8910000, 0x00000000f0000000)
  object space 48192K, 50% used [0x00000000e5a00000,0x00000000e71c7120,0x00000000e8910000)
Event: 127,560 GC heap after
Heap after GC invocations=9 (full 1):
 PSYoungGen      total 65728K, used 403K [0x00000000faab0000, 0x0000000100000000, 0x0000000100000000)
  eden space 44992K, 0% used [0x00000000faab0000,0x00000000faab0000,0x00000000fd6a0000)
  from space 20736K, 1% used [0x00000000fea30000,0x00000000fea94f38,0x00000000ffe70000)
  to   space 20032K, 0% used [0x00000000fd6a0000,0x00000000fd6a0000,0x00000000fea30000)
 ParOldGen       total 64640K, used 21669K [0x00000000f0000000, 0x00000000f3f20000, 0x00000000faab0000)
  object space 64640K, 33% used [0x00000000f0000000,0x00000000f15297b0,0x00000000f3f20000)
 PSPermGen       total 48192K, used 24348K [0x00000000e5a00000, 0x00000000e8910000, 0x00000000f0000000)
  object space 48192K, 50% used [0x00000000e5a00000,0x00000000e71c7120,0x00000000e8910000)
}
Event: 134,691 GC heap before
{Heap before GC invocations=10 (full 1):
 PSYoungGen      total 65728K, used 45395K [0x00000000faab0000, 0x0000000100000000, 0x0000000100000000)
  eden space 44992K, 100% used [0x00000000faab0000,0x00000000fd6a0000,0x00000000fd6a0000)
  from space 20736K, 1% used [0x00000000fea30000,0x00000000fea94f38,0x00000000ffe70000)
  to   space 20032K, 0% used [0x00000000fd6a0000,0x00000000fd6a0000,0x00000000fea30000)
 ParOldGen       total 64640K, used 21669K [0x00000000f0000000, 0x00000000f3f20000, 0x00000000faab0000)
  object space 64640K, 33% used [0x00000000f0000000,0x00000000f15297b0,0x00000000f3f20000)
 PSPermGen       total 48192K, used 24365K [0x00000000e5a00000, 0x00000000e8910000, 0x00000000f0000000)
  object space 48192K, 50% used [0x00000000e5a00000,0x00000000e71cb640,0x00000000e8910000)
Event: 134,696 GC heap after
Heap after GC invocations=10 (full 1):
 PSYoungGen      total 65024K, used 388K [0x00000000faab0000, 0x00000000ffdd0000, 0x0000000100000000)
  eden space 44992K, 0% used [0x00000000faab0000,0x00000000faab0000,0x00000000fd6a0000)
  from space 20032K, 1% used [0x00000000fd6a0000,0x00000000fd701080,0x00000000fea30000)
  to   space 19264K, 0% used [0x00000000feb00000,0x00000000feb00000,0x00000000ffdd0000)
 ParOldGen       total 64640K, used 21669K [0x00000000f0000000, 0x00000000f3f20000, 0x00000000faab0000)
  object space 64640K, 33% used [0x00000000f0000000,0x00000000f15297b0,0x00000000f3f20000)
 PSPermGen       total 48192K, used 24365K [0x00000000e5a00000, 0x00000000e8910000, 0x00000000f0000000)
  object space 48192K, 50% used [0x00000000e5a00000,0x00000000e71cb640,0x00000000e8910000)
}
Event: 152,370 GC heap before
{Heap before GC invocations=11 (full 1):
 PSYoungGen      total 65024K, used 45380K [0x00000000faab0000, 0x00000000ffdd0000, 0x0000000100000000)
  eden space 44992K, 100% used [0x00000000faab0000,0x00000000fd6a0000,0x00000000fd6a0000)
  from space 20032K, 1% used [0x00000000fd6a0000,0x00000000fd701080,0x00000000fea30000)
  to   space 19264K, 0% used [0x00000000feb00000,0x00000000feb00000,0x00000000ffdd0000)
 ParOldGen       total 64640K, used 21669K [0x00000000f0000000, 0x00000000f3f20000, 0x00000000faab0000)
  object space 64640K, 33% used [0x00000000f0000000,0x00000000f15297b0,0x00000000f3f20000)
 PSPermGen       total 48192K, used 24381K [0x00000000e5a00000, 0x00000000e8910000, 0x00000000f0000000)
  object space 48192K, 50% used [0x00000000e5a00000,0x00000000e71cf660,0x00000000e8910000)
Event: 152,376 GC heap after
Heap after GC invocations=11 (full 1):
 PSYoungGen      total 66560K, used 457K [0x00000000faab0000, 0x00000000ffdc0000, 0x0000000100000000)
  eden space 47360K, 0% used [0x00000000faab0000,0x00000000faab0000,0x00000000fd8f0000)
  from space 19200K, 2% used [0x00000000feb00000,0x00000000feb725b0,0x00000000ffdc0000)
  to   space 18496K, 0% used [0x00000000fd8f0000,0x00000000fd8f0000,0x00000000feb00000)
 ParOldGen       total 64640K, used 21669K [0x00000000f0000000, 0x00000000f3f20000, 0x00000000faab0000)
  object space 64640K, 33% used [0x00000000f0000000,0x00000000f15297b0,0x00000000f3f20000)
 PSPermGen       total 48192K, used 24381K [0x00000000e5a00000, 0x00000000e8910000, 0x00000000f0000000)
  object space 48192K, 50% used [0x00000000e5a00000,0x00000000e71cf660,0x00000000e8910000)
}
Event: 154,295 GC heap before
{Heap before GC invocations=12 (full 1):
 PSYoungGen      total 66560K, used 47817K [0x00000000faab0000, 0x00000000ffdc0000, 0x0000000100000000)
  eden space 47360K, 100% used [0x00000000faab0000,0x00000000fd8f0000,0x00000000fd8f0000)
  from space 19200K, 2% used [0x00000000feb00000,0x00000000feb725b0,0x00000000ffdc0000)
  to   space 18496K, 0% used [0x00000000fd8f0000,0x00000000fd8f0000,0x00000000feb00000)
 ParOldGen       total 64640K, used 21669K [0x00000000f0000000, 0x00000000f3f20000, 0x00000000faab0000)
  object space 64640K, 33% used [0x00000000f0000000,0x00000000f15297b0,0x00000000f3f20000)
 PSPermGen       total 48192K, used 24385K [0x00000000e5a00000, 0x00000000e8910000, 0x00000000f0000000)
  object space 48192K, 50% used [0x00000000e5a00000,0x00000000e71d07d8,0x00000000e8910000)
Event: 154,300 GC heap after
Heap after GC invocations=12 (full 1):
 PSYoungGen      total 65856K, used 420K [0x00000000faab0000, 0x00000000ffdd0000, 0x0000000100000000)
  eden space 47360K, 0% used [0x00000000faab0000,0x00000000faab0000,0x00000000fd8f0000)
  from space 18496K, 2% used [0x00000000fd8f0000,0x00000000fd9592f0,0x00000000feb00000)
  to   space 17728K, 0% used [0x00000000fec80000,0x00000000fec80000,0x00000000ffdd0000)
 ParOldGen       total 64640K, used 21669K [0x00000000f0000000, 0x00000000f3f20000, 0x00000000faab0000)
  object space 64640K, 33% used [0x00000000f0000000,0x00000000f15297b0,0x00000000f3f20000)
 PSPermGen       total 48192K, used 24385K [0x00000000e5a00000, 0x00000000e8910000, 0x00000000f0000000)
  object space 48192K, 50% used [0x00000000e5a00000,0x00000000e71d07d8,0x00000000e8910000)
}
Event: 154,918 GC heap before
{Heap before GC invocations=13 (full 1):
 PSYoungGen      total 65856K, used 47780K [0x00000000faab0000, 0x00000000ffdd0000, 0x0000000100000000)
  eden space 47360K, 100% used [0x00000000faab0000,0x00000000fd8f0000,0x00000000fd8f0000)
  from space 18496K, 2% used [0x00000000fd8f0000,0x00000000fd9592f0,0x00000000feb00000)
  to   space 17728K, 0% used [0x00000000fec80000,0x00000000fec80000,0x00000000ffdd0000)
 ParOldGen       total 64640K, used 21669K [0x00000000f0000000, 0x00000000f3f20000, 0x00000000faab0000)
  object space 64640K, 33% used [0x00000000f0000000,0x00000000f15297b0,0x00000000f3f20000)
 PSPermGen       total 48192K, used 24390K [0x00000000e5a00000, 0x00000000e8910000, 0x00000000f0000000)
  object space 48192K, 50% used [0x00000000e5a00000,0x00000000e71d1970,0x00000000e8910000)
Event: 154,923 GC heap after
Heap after GC invocations=13 (full 1):
 PSYoungGen      total 67968K, used 356K [0x00000000faab0000, 0x00000000ffda0000, 0x0000000100000000)
  eden space 50432K, 0% used [0x00000000faab0000,0x00000000faab0000,0x00000000fdbf0000)
  from space 17536K, 2% used [0x00000000fec80000,0x00000000fecd9080,0x00000000ffda0000)
  to   space 16960K, 0% used [0x00000000fdbf0000,0x00000000fdbf0000,0x00000000fec80000)
 ParOldGen       total 64640K, used 21669K [0x00000000f0000000, 0x00000000f3f20000, 0x00000000faab0000)
  object space 64640K, 33% used [0x00000000f0000000,0x00000000f15297b0,0x00000000f3f20000)
 PSPermGen       total 48192K, used 24390K [0x00000000e5a00000, 0x00000000e8910000, 0x00000000f0000000)
  object space 48192K, 50% used [0x00000000e5a00000,0x00000000e71d1970,0x00000000e8910000)
}

